<?xml version="1.0" encoding="UTF-8"?>
<robot generator="Robot 3.2.2 (Python 3.9.1 on win32)" generated="20201221 17:38:39.024" rpa="false">
<suite id="s1" name="testSitePractice" source="C:\Users\Alicia Paula\Documents\GitHub\Robot-Framework-\SuiteSiteTeste\tests\testSitePractice.robot">
<test id="s1-t1" name="Caso de Teste 01: Pesquisar produto existente com">
<kw name="Abrir navegador" type="setup">
<msg timestamp="20201221 17:38:39.062" level="FAIL">No keyword with name 'Abrir navegador' found.</msg>
<status status="FAIL" starttime="20201221 17:38:39.062" endtime="20201221 17:38:39.062"></status>
</kw>
<kw name="Fechar navegador" type="teardown">
<msg timestamp="20201221 17:38:39.062" level="FAIL">No keyword with name 'Fechar navegador' found.</msg>
<status status="FAIL" starttime="20201221 17:38:39.062" endtime="20201221 17:38:39.062">No keyword with name 'Fechar navegador' found.</status>
</kw>
<status status="FAIL" starttime="20201221 17:38:39.062" endtime="20201221 17:38:39.062" critical="yes">Setup failed:
No keyword with name 'Abrir navegador' found.

Also teardown failed:
No keyword with name 'Fechar navegador' found.</status>
</test>
<status status="FAIL" starttime="20201221 17:38:39.024" endtime="20201221 17:38:39.078"></status>
</suite>
<statistics>
<total>
<stat pass="0" fail="1">Critical Tests</stat>
<stat pass="0" fail="1">All Tests</stat>
</total>
<tag>
</tag>
<suite>
<stat pass="0" fail="1" id="s1" name="testSitePractice">testSitePractice</stat>
</suite>
</statistics>
<errors>
<msg timestamp="20201221 17:38:39.062" level="ERROR">Error in file 'C:\Users\Alicia Paula\Documents\GitHub\Robot-Framework-\SuiteSiteTeste\tests\testSitePractice.robot' on line 2: Resource file '..esourceResource.robot' does not exist.</msg>
</errors>
</robot>
