<?xml version="1.0" encoding="UTF-8"?>
<robot generator="Robot 3.2.2 (Python 3.9.1 on win32)" generated="20201221 17:57:07.791" rpa="false">
<suite id="s1" name="testSitePractice" source="C:\Users\Alicia Paula\Documents\GitHub\Robot-Framework\SuiteSiteTeste\tests\testSitePractice.robot">
<test id="s1-t1" name="Caso de Teste 01: Pesquisar produto existente com">
<kw name="Abrir navegador" library="Resource" type="setup">
<kw name="Open Browser" library="SeleniumLibrary">
<doc>Opens a new browser instance to the optional ``url``.</doc>
<arguments>
<arg>about:blank</arg>
<arg>${BROWSER}</arg>
</arguments>
<msg timestamp="20201221 17:57:08.070" level="INFO">Opening browser 'chrome' to base url 'about:blank'.</msg>
<status status="PASS" starttime="20201221 17:57:08.070" endtime="20201221 17:57:26.809"></status>
</kw>
<status status="PASS" starttime="20201221 17:57:08.070" endtime="20201221 17:57:26.809"></status>
</kw>
<kw name="Acessar a página home do site" library="Resource">
<kw name="Go To" library="SeleniumLibrary">
<doc>Navigates the current browser window to the provided ``url``.</doc>
<arguments>
<arg>${URL}</arg>
</arguments>
<msg timestamp="20201221 17:57:26.813" level="INFO">Opening url 'http://automationpratice.com'</msg>
<status status="PASS" starttime="20201221 17:57:26.812" endtime="20201221 17:57:31.357"></status>
</kw>
<kw name="Title Should Be" library="SeleniumLibrary">
<doc>Verifies that the current page title equals ``title``.</doc>
<arguments>
<arg>My Store</arg>
</arguments>
<kw name="Capture Page Screenshot" library="SeleniumLibrary">
<doc>Takes a screenshot of the current page and embeds it into a log file.</doc>
<msg timestamp="20201221 17:57:31.714" level="INFO" html="yes">&lt;/td&gt;&lt;/tr&gt;&lt;tr&gt;&lt;td colspan="3"&gt;&lt;a href="selenium-screenshot-1.png"&gt;&lt;img src="selenium-screenshot-1.png" width="800px"&gt;&lt;/a&gt;</msg>
<status status="PASS" starttime="20201221 17:57:31.365" endtime="20201221 17:57:31.714"></status>
</kw>
<msg timestamp="20201221 17:57:31.813" level="FAIL">Title should have been 'My Store' but was 'automationpratice.com - This website is for sale! - automationpratice Resources and Information.'.</msg>
<status status="FAIL" starttime="20201221 17:57:31.357" endtime="20201221 17:57:31.813"></status>
</kw>
<status status="FAIL" starttime="20201221 17:57:26.810" endtime="20201221 17:57:31.813"></status>
</kw>
<kw name="Fechar navegador" library="Resource" type="teardown">
<kw name="Close Browser" library="SeleniumLibrary">
<doc>Closes the current browser.</doc>
<status status="PASS" starttime="20201221 17:57:31.813" endtime="20201221 17:57:34.579"></status>
</kw>
<status status="PASS" starttime="20201221 17:57:31.813" endtime="20201221 17:57:34.579"></status>
</kw>
<status status="FAIL" starttime="20201221 17:57:08.070" endtime="20201221 17:57:34.579" critical="yes">Title should have been 'My Store' but was 'automationpratice.com - This website is for sale! - automationpratice Resources and Information.'.</status>
</test>
<status status="FAIL" starttime="20201221 17:57:07.791" endtime="20201221 17:57:34.579"></status>
</suite>
<statistics>
<total>
<stat pass="0" fail="1">Critical Tests</stat>
<stat pass="0" fail="1">All Tests</stat>
</total>
<tag>
</tag>
<suite>
<stat pass="0" fail="1" id="s1" name="testSitePractice">testSitePractice</stat>
</suite>
</statistics>
<errors>
</errors>
</robot>
